#
# A fatal error has been detected by the Java Runtime Environment:
#
#  Internal Error (0xc06d007e), pid=8792, tid=9112
#
# JRE version: Java(TM) SE Runtime Environment (8.0_91-b15) (build 1.8.0_91-b15)
# Java VM: Java HotSpot(TM) 64-Bit Server VM (25.91-b15 mixed mode windows-amd64 compressed oops)
# Problematic frame:
# C  [KERNELBASE.dll+0x8a5c]
#
# Failed to write core dump. Minidumps are not enabled by default on client versions of Windows
#
# If you would like to submit a bug report, please visit:
#   http://bugreport.java.com/bugreport/crash.jsp
# The crash happened outside the Java Virtual Machine in native code.
# See problematic frame for where to report the bug.
#

---------------  T H R E A D  ---------------

Current thread (0x00000000183b1800):  JavaThread "AWT-EventQueue-0" [_thread_in_native, id=9112, stack(0x0000000018ef0000,0x0000000018ff0000)]

siginfo: ExceptionCode=0xc06d007e, ExceptionInformation=0x0000000018fede80 

Registers:
RAX=0x0000000018fedb68, RBX=0x0000000000000000, RCX=0x0000000000000000, RDX=0x0000000000000000
RSP=0x0000000018fedd80, RBP=0x0000000018feded8, RSI=0x000000000000016f, RDI=0x0000000000000000
R8 =0x0000000000000000, R9 =0x0000000000000000, R10=0x0000000000000000, R11=0x0000000000000000
R12=0x00007ffdbcbc2a40, R13=0x00007ffdbcbb65c0, R14=0x00007ffdbcbb1dac, R15=0x00007ffdbcbc6b90
RIP=0x00007ffdcb8d8a5c, EFLAGS=0x0000000000000202

Top of Stack: (sp=0x0000000018fedd80)
0x0000000018fedd80:   00000000c0000135 0000000000000000
0x0000000018fedd90:   000000000000016f 0000000000000000
0x0000000018fedda0:   00000000c06d007e 0000000000000000
0x0000000018feddb0:   00007ffdcb8d8a5c 00007ffd00000001
0x0000000018feddc0:   0000000018fede80 0000000019477690
0x0000000018feddd0:   00007ffdce667620 0000000018feded8
0x0000000018fedde0:   0000000018fede40 00007ffdce66767a
0x0000000018feddf0:   0000000000120010 0000000019477690
0x0000000018fede00:   00007ffdbcbb1dac 0000000000000000
0x0000000018fede10:   0000000000000000 00007ffdcb8d96f3
0x0000000018fede20:   0000000000000000 000000000000016f
0x0000000018fede30:   000000000000016f 0000000000000000
0x0000000018fede40:   0000bdb14638e58c 0000000000000000
0x0000000018fede50:   0000000000000000 00007ffdbcba3c05
0x0000000018fede60:   0000000000000000 00000000162d0430
0x0000000018fede70:   0000000017c69bd0 000000006c129ec1 

Instructions: (pc=0x00007ffdcb8d8a5c)
0x00007ffdcb8d8a3c:   44 3b c0 44 0f 47 c0 44 89 44 24 38 49 c1 e0 03
0x00007ffdcb8d8a4c:   e8 f3 8b ff ff 48 8d 4c 24 20 ff 15 14 0c 10 00
0x00007ffdcb8d8a5c:   48 8b 8c 24 c0 00 00 00 48 33 cc e8 d4 89 ff ff
0x00007ffdcb8d8a6c:   48 81 c4 d8 00 00 00 c3 90 90 90 90 90 90 90 90 


Register to memory mapping:

RAX=0x0000000018fedb68 is pointing into the stack for thread: 0x00000000183b1800
RBX=0x0000000000000000 is an unknown value
RCX=0x0000000000000000 is an unknown value
RDX=0x0000000000000000 is an unknown value
RSP=0x0000000018fedd80 is pointing into the stack for thread: 0x00000000183b1800
RBP=0x0000000018feded8 is pointing into the stack for thread: 0x00000000183b1800
RSI=0x000000000000016f is an unknown value
RDI=0x0000000000000000 is an unknown value
R8 =0x0000000000000000 is an unknown value
R9 =0x0000000000000000 is an unknown value
R10=0x0000000000000000 is an unknown value
R11=0x0000000000000000 is an unknown value
R12=0x00007ffdbcbc2a40 is an unknown value
R13=0x00007ffdbcbb65c0 is an unknown value
R14=0x00007ffdbcbb1dac is an unknown value
R15=0x00007ffdbcbc6b90 is an unknown value


Stack: [0x0000000018ef0000,0x0000000018ff0000],  sp=0x0000000018fedd80,  free space=1015k
Native frames: (J=compiled Java code, j=interpreted, Vv=VM code, C=native code)
C  [KERNELBASE.dll+0x8a5c]
C  [LeapJava.dll+0x13c05]
C  [LeapJava.dll+0x12900]
C  [LeapJava.dll+0x1a59]
C  0x0000000002077914

Java frames: (J=compiled Java code, j=interpreted, Vv=VM code)
j  com.leapmotion.leap.LeapJNI.new_Listener()J+0
j  com.leapmotion.leap.Listener.<init>()V+1
j  LeapControl.<init>(Lse/bitcraze/crazyflie/lib/crazyradio/ConnectionData;Lse/bitcraze/crazyflie/lib/crazyradio/RadioDriver;)V+1
j  LeapFlieUI.initialize()V+1156
j  LeapFlieUI.<init>()V+15
j  LeapFlieUI$1.run()V+4
j  java.awt.event.InvocationEvent.dispatch()V+47
j  java.awt.EventQueue.dispatchEventImpl(Ljava/awt/AWTEvent;Ljava/lang/Object;)V+21
j  java.awt.EventQueue.access$500(Ljava/awt/EventQueue;Ljava/awt/AWTEvent;Ljava/lang/Object;)V+3
j  java.awt.EventQueue$3.run()Ljava/lang/Void;+32
j  java.awt.EventQueue$3.run()Ljava/lang/Object;+1
v  ~StubRoutines::call_stub
j  java.security.AccessController.doPrivileged(Ljava/security/PrivilegedAction;Ljava/security/AccessControlContext;)Ljava/lang/Object;+0
j  java.security.ProtectionDomain$JavaSecurityAccessImpl.doIntersectionPrivilege(Ljava/security/PrivilegedAction;Ljava/security/AccessControlContext;Ljava/security/AccessControlContext;)Ljava/lang/Object;+18
j  java.awt.EventQueue.dispatchEvent(Ljava/awt/AWTEvent;)V+46
j  java.awt.EventDispatchThread.pumpOneEventForFilters(I)V+245
j  java.awt.EventDispatchThread.pumpEventsForFilter(ILjava/awt/Conditional;Ljava/awt/EventFilter;)V+35
j  java.awt.EventDispatchThread.pumpEventsForHierarchy(ILjava/awt/Conditional;Ljava/awt/Component;)V+11
j  java.awt.EventDispatchThread.pumpEvents(ILjava/awt/Conditional;)V+4
j  java.awt.EventDispatchThread.pumpEvents(Ljava/awt/Conditional;)V+3
j  java.awt.EventDispatchThread.run()V+9
v  ~StubRoutines::call_stub

---------------  P R O C E S S  ---------------

Java Threads: ( => current thread )
  0x00000000184a6800 JavaThread "TimerQueue" daemon [_thread_blocked, id=10532, stack(0x000000001b880000,0x000000001b980000)]
  0x0000000001e4e800 JavaThread "DestroyJavaVM" [_thread_blocked, id=284, stack(0x0000000001e60000,0x0000000001f60000)]
=>0x00000000183b1800 JavaThread "AWT-EventQueue-0" [_thread_in_native, id=9112, stack(0x0000000018ef0000,0x0000000018ff0000)]
  0x0000000018367800 JavaThread "AWT-Windows" daemon [_thread_in_native, id=7476, stack(0x0000000018cb0000,0x0000000018db0000)]
  0x0000000018367000 JavaThread "AWT-Shutdown" [_thread_blocked, id=7088, stack(0x0000000018bb0000,0x0000000018cb0000)]
  0x0000000018366000 JavaThread "Java2D Disposer" daemon [_thread_blocked, id=10132, stack(0x0000000018ab0000,0x0000000018bb0000)]
  0x00000000162ed800 JavaThread "Service Thread" daemon [_thread_blocked, id=11044, stack(0x0000000017fc0000,0x00000000180c0000)]
  0x000000001629e000 JavaThread "C1 CompilerThread2" daemon [_thread_blocked, id=8220, stack(0x0000000017ac0000,0x0000000017bc0000)]
  0x0000000016291800 JavaThread "C2 CompilerThread1" daemon [_thread_blocked, id=1892, stack(0x00000000179c0000,0x0000000017ac0000)]
  0x000000001628e800 JavaThread "C2 CompilerThread0" daemon [_thread_blocked, id=10856, stack(0x00000000178c0000,0x00000000179c0000)]
  0x000000001628d000 JavaThread "Attach Listener" daemon [_thread_blocked, id=10092, stack(0x00000000177c0000,0x00000000178c0000)]
  0x000000001628c000 JavaThread "Signal Dispatcher" daemon [_thread_blocked, id=11136, stack(0x00000000176c0000,0x00000000177c0000)]
  0x000000000205b800 JavaThread "Finalizer" daemon [_thread_blocked, id=8408, stack(0x00000000174e0000,0x00000000175e0000)]
  0x0000000002050800 JavaThread "Reference Handler" daemon [_thread_blocked, id=10536, stack(0x00000000173e0000,0x00000000174e0000)]

Other Threads:
  0x0000000016257800 VMThread [stack: 0x00000000172e0000,0x00000000173e0000] [id=9816]
  0x0000000017c21800 WatcherThread [stack: 0x00000000180c0000,0x00000000181c0000] [id=8796]

VM state:not at safepoint (normal execution)

VM Mutex/Monitor currently owned by a thread: None

Heap:
 PSYoungGen      total 33280K, used 9760K [0x00000000db000000, 0x00000000dd500000, 0x0000000100000000)
  eden space 28672K, 34% used [0x00000000db000000,0x00000000db988338,0x00000000dcc00000)
  from space 4608K, 0% used [0x00000000dd080000,0x00000000dd080000,0x00000000dd500000)
  to   space 4608K, 0% used [0x00000000dcc00000,0x00000000dcc00000,0x00000000dd080000)
 ParOldGen       total 76800K, used 0K [0x0000000091000000, 0x0000000095b00000, 0x00000000db000000)
  object space 76800K, 0% used [0x0000000091000000,0x0000000091000000,0x0000000095b00000)
 Metaspace       used 11723K, capacity 11862K, committed 12160K, reserved 1060864K
  class space    used 1489K, capacity 1546K, committed 1664K, reserved 1048576K

Card table byte_map: [0x0000000011420000,0x00000000117a0000] byte_map_base: 0x0000000010f98000

Marking Bits: (ParMarkBitMap*) 0x000000006c762f70
 Begin Bits: [0x0000000011df0000, 0x00000000139b0000)
 End Bits:   [0x00000000139b0000, 0x0000000015570000)

Polling page: 0x0000000000530000

CodeCache: size=245760Kb used=2219Kb max_used=2232Kb free=243541Kb
 bounds [0x0000000002060000, 0x00000000022d0000, 0x0000000011060000]
 total_blobs=983 nmethods=533 adapters=364
 compilation: enabled

Compilation events (10 events):
Event: 1.547 Thread 0x000000001629e000  529       3       java.lang.ref.Finalizer::register (10 bytes)
Event: 1.548 Thread 0x000000001629e000 nmethod 529 0x0000000002288190 code [0x0000000002288320, 0x0000000002288748]
Event: 1.548 Thread 0x000000001629e000  530       3       java.lang.ref.Finalizer::<init> (23 bytes)
Event: 1.548 Thread 0x000000001628e800  532 %     4       sun.security.provider.SHA::implCompress @ 122 (491 bytes)
Event: 1.549 Thread 0x000000001629e000 nmethod 530 0x0000000002287b50 code [0x0000000002287ce0, 0x0000000002288048]
Event: 1.549 Thread 0x000000001629e000  531       3       java.lang.ref.FinalReference::<init> (7 bytes)
Event: 1.549 Thread 0x000000001629e000 nmethod 531 0x0000000002287650 code [0x00000000022877c0, 0x0000000002287a70]
Event: 1.559 Thread 0x000000001629e000  533       3       java.io.WinNTFileSystem::resolve (231 bytes)
Event: 1.563 Thread 0x000000001629e000 nmethod 533 0x0000000002288b50 code [0x0000000002288e20, 0x000000000228a688]
Event: 1.603 Thread 0x000000001628e800 nmethod 532% 0x000000000228e7d0 code [0x000000000228e920, 0x000000000228f298]

GC Heap History (0 events):
No events

Deoptimization events (1 events):
Event: 1.426 Thread 0x00000000183b1800 Uncommon trap: reason=unstable_if action=reinterpret pc=0x0000000002232bfc method=java.lang.String.indexOf([CII[CIII)I @ 3

Internal exceptions (10 events):
Event: 0.089 Thread 0x0000000001e4e800 Exception <a 'java/lang/NoSuchMethodError': Method sun.misc.Unsafe.defineClass(Ljava/lang/String;[BII)Ljava/lang/Class; name or signature does not match> (0x00000000db007cc0) thrown at [C:\re\workspace\8-2-build-windows-amd64-cygwin\jdk8u91\7017\hotspot\sreê</)î¶?
Event: 0.090 Thread 0x0000000001e4e800 Exception <a 'java/lang/NoSuchMethodError': Method sun.misc.Unsafe.prefetchRead(Ljava/lang/Object;J)V name or signature does not match> (0x00000000db007fa8) thrown at [C:\re\workspace\8-2-build-windows-amd64-cygwin\jdk8u91\7017\hotspot\src\share\vm\prims\jmrq~CçØ?
Event: 0.389 Thread 0x0000000001e4e800 Exception <a 'java/security/PrivilegedActionException'> (0x00000000db147640) thrown at [C:\re\workspace\8-2-build-windows-amd64-cygwin\jdk8u91\7017\hotspot\src\share\vm\prims\jvm.cpp, line 1386]
Event: 0.389 Thread 0x0000000001e4e800 Exception <a 'java/security/PrivilegedActionException'> (0x00000000db147850) thrown at [C:\re\workspace\8-2-build-windows-amd64-cygwin\jdk8u91\7017\hotspot\src\share\vm\prims\jvm.cpp, line 1386]
Event: 0.392 Thread 0x0000000001e4e800 Exception <a 'java/security/PrivilegedActionException'> (0x00000000db14b3f8) thrown at [C:\re\workspace\8-2-build-windows-amd64-cygwin\jdk8u91\7017\hotspot\src\share\vm\prims\jvm.cpp, line 1386]
Event: 0.392 Thread 0x0000000001e4e800 Exception <a 'java/security/PrivilegedActionException'> (0x00000000db14b608) thrown at [C:\re\workspace\8-2-build-windows-amd64-cygwin\jdk8u91\7017\hotspot\src\share\vm\prims\jvm.cpp, line 1386]
Event: 0.435 Thread 0x0000000001e4e800 Exception <a 'java/io/FileNotFoundException'> (0x00000000db17a6e8) thrown at [C:\re\workspace\8-2-build-windows-amd64-cygwin\jdk8u91\7017\hotspot\src\share\vm\prims\jni.cpp, line 709]
Event: 0.549 Thread 0x0000000001e4e800 Exception <a 'java/lang/NoSuchFieldError': method resolution failed> (0x00000000db248180) thrown at [C:\re\workspace\8-2-build-windows-amd64-cygwin\jdk8u91\7017\hotspot\src\share\vm\prims\methodHandles.cpp, line 1146]
Event: 0.554 Thread 0x0000000001e4e800 Exception <a 'java/lang/NoSuchFieldError': method resolution failed> (0x00000000db255550) thrown at [C:\re\workspace\8-2-build-windows-amd64-cygwin\jdk8u91\7017\hotspot\src\share\vm\prims\methodHandles.cpp, line 1146]
Event: 0.706 Thread 0x00000000183b1800 Exception <a 'java/io/FileNotFoundException'> (0x00000000db3fa490) thrown at [C:\re\workspace\8-2-build-windows-amd64-cygwin\jdk8u91\7017\hotspot\src\share\vm\prims\jni.cpp, line 709]

Events (10 events):
Event: 1.542 loading class se/bitcraze/crazyflie/lib/crtp/CrtpPacket
Event: 1.542 loading class se/bitcraze/crazyflie/lib/crtp/CrtpPacket done
Event: 1.544 loading class se/bitcraze/crazyflie/lib/crtp/CommanderPacket
Event: 1.544 loading class se/bitcraze/crazyflie/lib/crtp/CommanderPacket done
Event: 1.546 loading class com/leapmotion/leap/LeapJNI
Event: 1.546 loading class com/leapmotion/leap/LeapJNI done
Event: 1.553 loading class java/lang/UnsatisfiedLinkError
Event: 1.553 loading class java/lang/UnsatisfiedLinkError done
Event: 1.555 loading class java/lang/ClassLoaderHelper
Event: 1.555 loading class java/lang/ClassLoaderHelper done


Dynamic libraries:
0x00007ff6b2850000 - 0x00007ff6b2887000 	C:\Program Files\Java\jre1.8.0_91\bin\javaw.exe
0x00007ffdce630000 - 0x00007ffdce7dd000 	C:\windows\SYSTEM32\ntdll.dll
0x00007ffdce4f0000 - 0x00007ffdce62e000 	C:\windows\system32\KERNEL32.DLL
0x00007ffdcb8d0000 - 0x00007ffdcb9e5000 	C:\windows\system32\KERNELBASE.dll
0x00007ffdca150000 - 0x00007ffdca1de000 	C:\windows\system32\apphelp.dll
0x00007ffdb88f0000 - 0x00007ffdb8943000 	C:\windows\AppPatch\AppPatch64\AcGenral.DLL
0x00007ffdcd990000 - 0x00007ffdcda3a000 	C:\windows\system32\msvcrt.dll
0x00007ffdcbc80000 - 0x00007ffdcbcae000 	C:\windows\system32\SspiCli.dll
0x00007ffdce0a0000 - 0x00007ffdce0f4000 	C:\windows\system32\SHLWAPI.dll
0x00007ffdcdeb0000 - 0x00007ffdce027000 	C:\windows\system32\USER32.dll
0x00007ffdcbeb0000 - 0x00007ffdcc044000 	C:\windows\system32\ole32.dll
0x00007ffdcc270000 - 0x00007ffdcd798000 	C:\windows\system32\SHELL32.dll
0x00007ffdcad00000 - 0x00007ffdcad21000 	C:\windows\SYSTEM32\USERENV.dll
0x00007ffdcbcb0000 - 0x00007ffdcbd5a000 	C:\windows\system32\ADVAPI32.dll
0x00007ffdc0900000 - 0x00007ffdc091e000 	C:\windows\SYSTEM32\MPR.dll
0x00007ffdcdd70000 - 0x00007ffdcdeb0000 	C:\windows\system32\RPCRT4.dll
0x00007ffdce030000 - 0x00007ffdce089000 	C:\windows\SYSTEM32\sechost.dll
0x00007ffdce2c0000 - 0x00007ffdce4d1000 	C:\windows\SYSTEM32\combase.dll
0x00007ffdcbd60000 - 0x00007ffdcbeaf000 	C:\windows\system32\GDI32.dll
0x00007ffdcb750000 - 0x00007ffdcb765000 	C:\windows\SYSTEM32\profapi.dll
0x00007ffdc8b30000 - 0x00007ffdc8be2000 	C:\windows\SYSTEM32\SHCORE.dll
0x00007ffdcda70000 - 0x00007ffdcdaa6000 	C:\windows\system32\IMM32.DLL
0x00007ffdcc110000 - 0x00007ffdcc262000 	C:\windows\system32\MSCTF.dll
0x00007ffdc86e0000 - 0x00007ffdc895a000 	C:\windows\WinSxS\amd64_microsoft.windows.common-controls_6595b64144ccf1df_6.0.9600.17810_none_6240b9c7ecbd0bda\COMCTL32.dll
0x000000006bb30000 - 0x000000006bc02000 	C:\Program Files\Java\jre1.8.0_91\bin\msvcr100.dll
0x000000006bf50000 - 0x000000006c7e3000 	C:\Program Files\Java\jre1.8.0_91\bin\server\jvm.dll
0x00007ffdb8790000 - 0x00007ffdb8799000 	C:\windows\SYSTEM32\WSOCK32.dll
0x00007ffdc6270000 - 0x00007ffdc6292000 	C:\windows\SYSTEM32\WINMM.dll
0x00007ffdca370000 - 0x00007ffdca37a000 	C:\windows\SYSTEM32\VERSION.dll
0x00007ffdce4e0000 - 0x00007ffdce4e7000 	C:\windows\system32\PSAPI.DLL
0x00007ffdcdbf0000 - 0x00007ffdcdc4a000 	C:\windows\system32\WS2_32.dll
0x00007ffdc61e0000 - 0x00007ffdc620a000 	C:\windows\SYSTEM32\WINMMBASE.dll
0x00007ffdcd7a0000 - 0x00007ffdcd7a9000 	C:\windows\system32\NSI.dll
0x00007ffdcb9f0000 - 0x00007ffdcba3f000 	C:\windows\SYSTEM32\cfgmgr32.dll
0x00007ffdca590000 - 0x00007ffdca5b8000 	C:\windows\SYSTEM32\DEVOBJ.dll
0x000000006bf40000 - 0x000000006bf4f000 	C:\Program Files\Java\jre1.8.0_91\bin\verify.dll
0x000000006bf10000 - 0x000000006bf39000 	C:\Program Files\Java\jre1.8.0_91\bin\java.dll
0x000000006bef0000 - 0x000000006bf06000 	C:\Program Files\Java\jre1.8.0_91\bin\zip.dll
0x000000006bce0000 - 0x000000006be78000 	C:\Program Files\Java\jre1.8.0_91\bin\awt.dll
0x00007ffdcdb20000 - 0x00007ffdcdbe6000 	C:\windows\system32\OLEAUT32.dll
0x00007ffdca3f0000 - 0x00007ffdca519000 	C:\windows\system32\uxtheme.dll
0x00007ffdc95d0000 - 0x00007ffdc95f1000 	C:\windows\system32\dwmapi.dll
0x00007ffdca3a0000 - 0x00007ffdca3ab000 	C:\windows\SYSTEM32\kernel.appcore.dll
0x00007ffdcb620000 - 0x00007ffdcb62b000 	C:\windows\SYSTEM32\CRYPTBASE.dll
0x00007ffdcb5b0000 - 0x00007ffdcb613000 	C:\windows\SYSTEM32\bcryptPrimitives.dll
0x00007ffdbf110000 - 0x00007ffdbf331000 	C:\windows\system32\d3d9.dll
0x00007ffdc9600000 - 0x00007ffdc9748000 	C:\windows\SYSTEM32\aticfx64.dll
0x00007ffdc05a0000 - 0x00007ffdc05c1000 	C:\windows\SYSTEM32\atiu9p64.dll
0x00007ffdaeb10000 - 0x00007ffdaf2c7000 	C:\windows\SYSTEM32\atiumd64.dll
0x000000006d160000 - 0x000000006d8f1000 	C:\windows\SYSTEM32\atiumd6a.dll
0x000000006bc90000 - 0x000000006bcd7000 	C:\Program Files\Java\jre1.8.0_91\bin\fontmanager.dll
0x000000006bed0000 - 0x000000006beea000 	C:\Program Files\Java\jre1.8.0_91\bin\net.dll
0x00007ffdcaf80000 - 0x00007ffdcafd9000 	C:\windows\system32\mswsock.dll
0x000000006beb0000 - 0x000000006bec1000 	C:\Program Files\Java\jre1.8.0_91\bin\nio.dll
0x000000006bc40000 - 0x000000006bc82000 	C:\Program Files\Java\jre1.8.0_91\bin\t2k.dll
0x00007ffdbcb90000 - 0x00007ffdbcbce000 	C:\Users\Achilleas\workspace\LeapFlie2\LeapJava.dll
0x00007ffdb87c0000 - 0x00007ffdb8866000 	C:\Program Files\Java\jre1.8.0_91\bin\MSVCP120.dll
0x00007ffdb71f0000 - 0x00007ffdb72df000 	C:\Program Files\Java\jre1.8.0_91\bin\MSVCR120.dll
0x00007ffdca1e0000 - 0x00007ffdca36a000 	C:\windows\SYSTEM32\dbghelp.dll

VM Arguments:
jvm_args: -Dfile.encoding=Cp1252 
java_command: LeapFlieUI
java_class_path (initial): C:\Users\Achilleas\workspace\LeapFlie2\target\classes;C:\Users\Achilleas\workspace\LeapFlie2\jgoodies-common-1.1.1.jar;C:\Users\Achilleas\workspace\LeapFlie2\jgoodies-common-1.7.0.jar;C:\Users\Achilleas\workspace\LeapFlie2\jgoodies-forms-1.8.0.jar;C:\Users\Achilleas\workspace\LeapFlie2\jgoodies-forms-1.8.0-sources.jar;C:\Users\Achilleas\workspace\LeapFlie2\jinput-2.0.5.jar;C:\Users\Achilleas\workspace\LeapFlie2\jinput-2.0.5-sources.jar;C:\Users\Achilleas\workspace\LeapFlie2\jinput-platform-2.0.5-natives-windows.jar;C:\Users\Achilleas\workspace\LeapFlie2\jutils-1.0.0.jar;C:\Users\Achilleas\workspace\LeapFlie2\LeapJava.jar;C:\Users\Achilleas\workspace\se.bitcraze.crazyflie.lib-master\se.bitcraze.crazyflie.lib-master\target\classes;C:\Users\Achilleas\workspace\se.bitcraze.crazyflie.lib-master\se.bitcraze.crazyflie.lib-master\target\test-classes;C:\Users\Achilleas\.m2\repository\junit\junit\4.12\junit-4.12.jar;C:\Users\Achilleas\.m2\repository\org\hamcrest\hamcrest-core\1.3\hamcrest-core-1.3.jar;C:\Users\Achilleas\.m2\repository\org\slf4j\slf4j-api\1.7.10\slf4j-api-1.7.10.jar;C:\Users\Achilleas\.m2\repository\org\slf4j\slf4j-simple\1.7.10\slf4j-simple-1.7.10.jar;C:\Users\Achilleas\.m2\repository\javax\usb\usb-api\1.0.2\usb-api-1.0.2.jar;C:\Users\Achilleas\.m2\repository\org\usb4java\usb4java\1.2.0\usb4java-1.2.0.jar;C:\Users\Achilleas\.m2\repository\org\usb4java\libusb4java\1.2.0\libusb4java-1.2.0-linux-x86.jar;C:\Users\Achilleas\.m2\repository\org\usb4java\libusb4java\1.2.0\libusb4java-1.2.0-linux-x86_64.jar;C:\Users\Achilleas\.m2\repository\org\usb4java\libusb4java\1.2.0\libusb4java-1.2.0-linux-arm.jar;C:\Users\Achilleas\.m2\repository\org\usb4java\libusb4java\1.2.0\libusb4java-1.2.0-windows-x86.jar;C:\Users\Achilleas\.m2\repository\org\usb4java\libusb4java\1.2.0\libusb4java-1.2.0-windows-x86_64.jar;C:\Users\Achilleas\.m2\repository\org\usb4java\libusb4java\1.2.0\libusb4java-1.2.0-osx-x86.jar;C:\Users\Achilleas\.m2\repository\org\usb4java\
Launcher Type: SUN_STANDARD

Environment Variables:
USERNAME=Achilleas
OS=Windows_NT
PROCESSOR_IDENTIFIER=AMD64 Family 21 Model 48 Stepping 1, AuthenticAMD



---------------  S Y S T E M  ---------------

OS: Windows 8.1 , 64 bit Build 9600 (6.3.9600.17415)

CPU:total 4 (4 cores per cpu, 1 threads per core) family 21 model 48 stepping 1, cmov, cx8, fxsr, mmx, sse, sse2, sse3, ssse3, sse4.1, sse4.2, popcnt, avx, aes, clmul, mmxext, 3dnowpref, lzcnt, sse4a, tsc, tscinvbit, tscinv, bmi1

Memory: 4k page, physical 7268980k(1207548k free), swap 11680260k(2717188k free)

vm_info: Java HotSpot(TM) 64-Bit Server VM (25.91-b15) for windows-amd64 JRE (1.8.0_91-b15), built on May 20 2016 17:43:15 by "java_re" with MS VC++ 10.0 (VS2010)

time: Sun May 07 12:09:30 2017
elapsed time: 1 seconds (0d 0h 0m 1s)

