#
# A fatal error has been detected by the Java Runtime Environment:
#
#  Internal Error (0xc06d007e), pid=10308, tid=10072
#
# JRE version: Java(TM) SE Runtime Environment (8.0_91-b15) (build 1.8.0_91-b15)
# Java VM: Java HotSpot(TM) 64-Bit Server VM (25.91-b15 mixed mode windows-amd64 compressed oops)
# Problematic frame:
# C  [KERNELBASE.dll+0x8a5c]
#
# Failed to write core dump. Minidumps are not enabled by default on client versions of Windows
#
# If you would like to submit a bug report, please visit:
#   http://bugreport.java.com/bugreport/crash.jsp
# The crash happened outside the Java Virtual Machine in native code.
# See problematic frame for where to report the bug.
#

---------------  T H R E A D  ---------------

Current thread (0x0000000018dc2800):  JavaThread "AWT-EventQueue-0" [_thread_in_native, id=10072, stack(0x00000000198a0000,0x00000000199a0000)]

siginfo: ExceptionCode=0xc06d007e, ExceptionInformation=0x000000001999dda0 

Registers:
RAX=0x000000001999da88, RBX=0x0000000000000000, RCX=0x0000000000000000, RDX=0x0000000000000000
RSP=0x000000001999dca0, RBP=0x000000001999ddf8, RSI=0x000000000000016f, RDI=0x0000000000000000
R8 =0x0000000000000000, R9 =0x0000000000000000, R10=0x0000000000000000, R11=0x0000000000000000
R12=0x00007ffdbcbc2a40, R13=0x00007ffdbcbb65c0, R14=0x00007ffdbcbb1dac, R15=0x00007ffdbcbc6b90
RIP=0x00007ffdcb8d8a5c, EFLAGS=0x0000000000000202

Top of Stack: (sp=0x000000001999dca0)
0x000000001999dca0:   00000000c0000135 0000000000000000
0x000000001999dcb0:   000000000000016f 0000000000000000
0x000000001999dcc0:   00000000c06d007e 0000000000000000
0x000000001999dcd0:   00007ffdcb8d8a5c 00007ffd00000001
0x000000001999dce0:   000000001999dda0 0000000019cd2700
0x000000001999dcf0:   00007ffdce667620 000000001999ddf8
0x000000001999dd00:   000000001999dd60 00007ffdce66767a
0x000000001999dd10:   0000000000120010 0000000019cd2700
0x000000001999dd20:   00007ffdbcbb1dac 0000000000000000
0x000000001999dd30:   0000000000000000 00007ffdcb8d96f3
0x000000001999dd40:   0000000000000000 000000000000016f
0x000000001999dd50:   000000000000016f 0000000000000000
0x000000001999dd60:   00005211281d4bc6 0000000000000000
0x000000001999dd70:   0000000000000000 00007ffdbcba3c05
0x000000001999dd80:   0000000000000000 0000000016c42da0
0x000000001999dd90:   0000000018627c90 000000006c129ec1 

Instructions: (pc=0x00007ffdcb8d8a5c)
0x00007ffdcb8d8a3c:   44 3b c0 44 0f 47 c0 44 89 44 24 38 49 c1 e0 03
0x00007ffdcb8d8a4c:   e8 f3 8b ff ff 48 8d 4c 24 20 ff 15 14 0c 10 00
0x00007ffdcb8d8a5c:   48 8b 8c 24 c0 00 00 00 48 33 cc e8 d4 89 ff ff
0x00007ffdcb8d8a6c:   48 81 c4 d8 00 00 00 c3 90 90 90 90 90 90 90 90 


Register to memory mapping:

RAX=0x000000001999da88 is pointing into the stack for thread: 0x0000000018dc2800
RBX=0x0000000000000000 is an unknown value
RCX=0x0000000000000000 is an unknown value
RDX=0x0000000000000000 is an unknown value
RSP=0x000000001999dca0 is pointing into the stack for thread: 0x0000000018dc2800
RBP=0x000000001999ddf8 is pointing into the stack for thread: 0x0000000018dc2800
RSI=0x000000000000016f is an unknown value
RDI=0x0000000000000000 is an unknown value
R8 =0x0000000000000000 is an unknown value
R9 =0x0000000000000000 is an unknown value
R10=0x0000000000000000 is an unknown value
R11=0x0000000000000000 is an unknown value
R12=0x00007ffdbcbc2a40 is an unknown value
R13=0x00007ffdbcbb65c0 is an unknown value
R14=0x00007ffdbcbb1dac is an unknown value
R15=0x00007ffdbcbc6b90 is an unknown value


Stack: [0x00000000198a0000,0x00000000199a0000],  sp=0x000000001999dca0,  free space=1015k
Native frames: (J=compiled Java code, j=interpreted, Vv=VM code, C=native code)
C  [KERNELBASE.dll+0x8a5c]
C  [LeapJava.dll+0x13c05]
C  [LeapJava.dll+0x12900]
C  [LeapJava.dll+0x1a59]
C  0x0000000002a17914

Java frames: (J=compiled Java code, j=interpreted, Vv=VM code)
j  com.leapmotion.leap.LeapJNI.new_Listener()J+0
j  com.leapmotion.leap.Listener.<init>()V+1
j  LeapControl.<init>(Lse/bitcraze/crazyflie/lib/crazyradio/ConnectionData;Lse/bitcraze/crazyflie/lib/crazyradio/RadioDriver;)V+1
j  LeapFlieUI.initialize()V+1156
j  LeapFlieUI.<init>()V+15
j  LeapFlieUI$1.run()V+4
j  java.awt.event.InvocationEvent.dispatch()V+47
j  java.awt.EventQueue.dispatchEventImpl(Ljava/awt/AWTEvent;Ljava/lang/Object;)V+21
j  java.awt.EventQueue.access$500(Ljava/awt/EventQueue;Ljava/awt/AWTEvent;Ljava/lang/Object;)V+3
j  java.awt.EventQueue$3.run()Ljava/lang/Void;+32
j  java.awt.EventQueue$3.run()Ljava/lang/Object;+1
v  ~StubRoutines::call_stub
j  java.security.AccessController.doPrivileged(Ljava/security/PrivilegedAction;Ljava/security/AccessControlContext;)Ljava/lang/Object;+0
j  java.security.ProtectionDomain$JavaSecurityAccessImpl.doIntersectionPrivilege(Ljava/security/PrivilegedAction;Ljava/security/AccessControlContext;Ljava/security/AccessControlContext;)Ljava/lang/Object;+18
j  java.awt.EventQueue.dispatchEvent(Ljava/awt/AWTEvent;)V+46
j  java.awt.EventDispatchThread.pumpOneEventForFilters(I)V+245
j  java.awt.EventDispatchThread.pumpEventsForFilter(ILjava/awt/Conditional;Ljava/awt/EventFilter;)V+35
j  java.awt.EventDispatchThread.pumpEventsForHierarchy(ILjava/awt/Conditional;Ljava/awt/Component;)V+11
j  java.awt.EventDispatchThread.pumpEvents(ILjava/awt/Conditional;)V+4
j  java.awt.EventDispatchThread.pumpEvents(Ljava/awt/Conditional;)V+3
j  java.awt.EventDispatchThread.run()V+9
v  ~StubRoutines::call_stub

---------------  P R O C E S S  ---------------

Java Threads: ( => current thread )
  0x0000000018ee5800 JavaThread "TimerQueue" daemon [_thread_blocked, id=4688, stack(0x000000001c230000,0x000000001c330000)]
  0x00000000029fe800 JavaThread "DestroyJavaVM" [_thread_blocked, id=8872, stack(0x00000000026c0000,0x00000000027c0000)]
=>0x0000000018dc2800 JavaThread "AWT-EventQueue-0" [_thread_in_native, id=10072, stack(0x00000000198a0000,0x00000000199a0000)]
  0x0000000018dbb800 JavaThread "AWT-Windows" daemon [_thread_in_native, id=10292, stack(0x0000000019680000,0x0000000019780000)]
  0x0000000018db8800 JavaThread "AWT-Shutdown" [_thread_blocked, id=8512, stack(0x0000000019580000,0x0000000019680000)]
  0x0000000018db6000 JavaThread "Java2D Disposer" daemon [_thread_blocked, id=11072, stack(0x0000000019480000,0x0000000019580000)]
  0x0000000016c8e800 JavaThread "Service Thread" daemon [_thread_blocked, id=10080, stack(0x0000000018990000,0x0000000018a90000)]
  0x0000000016c42000 JavaThread "C1 CompilerThread2" daemon [_thread_blocked, id=8232, stack(0x0000000018490000,0x0000000018590000)]
  0x0000000016c35000 JavaThread "C2 CompilerThread1" daemon [_thread_blocked, id=9532, stack(0x0000000018390000,0x0000000018490000)]
  0x0000000016c2e800 JavaThread "C2 CompilerThread0" daemon [_thread_in_native, id=8160, stack(0x0000000018290000,0x0000000018390000)]
  0x0000000016c2d000 JavaThread "Attach Listener" daemon [_thread_blocked, id=9520, stack(0x0000000018190000,0x0000000018290000)]
  0x0000000016c2c000 JavaThread "Signal Dispatcher" daemon [_thread_blocked, id=5676, stack(0x0000000018090000,0x0000000018190000)]
  0x0000000016c1a800 JavaThread "Finalizer" daemon [_thread_blocked, id=10896, stack(0x0000000017eb0000,0x0000000017fb0000)]
  0x0000000016bf9000 JavaThread "Reference Handler" daemon [_thread_blocked, id=10156, stack(0x0000000017db0000,0x0000000017eb0000)]

Other Threads:
  0x0000000016bf6800 VMThread [stack: 0x0000000017cb0000,0x0000000017db0000] [id=7720]
  0x00000000185e0000 WatcherThread [stack: 0x0000000018a90000,0x0000000018b90000] [id=6056]

VM state:not at safepoint (normal execution)

VM Mutex/Monitor currently owned by a thread: None

Heap:
 PSYoungGen      total 33280K, used 9794K [0x00000000db000000, 0x00000000dd500000, 0x0000000100000000)
  eden space 28672K, 34% used [0x00000000db000000,0x00000000db990b30,0x00000000dcc00000)
  from space 4608K, 0% used [0x00000000dd080000,0x00000000dd080000,0x00000000dd500000)
  to   space 4608K, 0% used [0x00000000dcc00000,0x00000000dcc00000,0x00000000dd080000)
 ParOldGen       total 76800K, used 0K [0x0000000091000000, 0x0000000095b00000, 0x00000000db000000)
  object space 76800K, 0% used [0x0000000091000000,0x0000000091000000,0x0000000095b00000)
 Metaspace       used 11748K, capacity 11862K, committed 12160K, reserved 1060864K
  class space    used 1489K, capacity 1546K, committed 1664K, reserved 1048576K

Card table byte_map: [0x0000000011dc0000,0x0000000012140000] byte_map_base: 0x0000000011938000

Marking Bits: (ParMarkBitMap*) 0x000000006c762f70
 Begin Bits: [0x0000000012790000, 0x0000000014350000)
 End Bits:   [0x0000000014350000, 0x0000000015f10000)

Polling page: 0x0000000000f00000

CodeCache: size=245760Kb used=2273Kb max_used=2273Kb free=243486Kb
 bounds [0x0000000002a00000, 0x0000000002c70000, 0x0000000011a00000]
 total_blobs=1003 nmethods=553 adapters=364
 compilation: enabled

Compilation events (10 events):
Event: 1.836 Thread 0x0000000016c42000 nmethod 548 0x0000000002c31a50 code [0x0000000002c31bc0, 0x0000000002c31dc8]
Event: 1.838 Thread 0x0000000016c42000  551   !   3       java.util.zip.Inflater::inflate (113 bytes)
Event: 1.839 Thread 0x0000000016c42000 nmethod 551 0x0000000002c36c50 code [0x0000000002c36e00, 0x0000000002c37478]
Event: 1.839 Thread 0x0000000016c42000  550       3       sun.security.provider.ByteArrayAccess::b2iBig64 (614 bytes)
Event: 1.842 Thread 0x0000000016c42000 nmethod 550 0x0000000002c35690 code [0x0000000002c358a0, 0x0000000002c36628]
Event: 1.842 Thread 0x0000000016c42000  552       3       java.util.Vector::ensureCapacityHelper (16 bytes)
Event: 1.842 Thread 0x0000000016c42000 nmethod 552 0x0000000002c35290 code [0x0000000002c35400, 0x0000000002c355c8]
Event: 1.846 Thread 0x0000000016c42000  553       1       sun.misc.URLClassPath$JarLoader::access$600 (5 bytes)
Event: 1.846 Thread 0x0000000016c42000 nmethod 553 0x0000000002c34fd0 code [0x0000000002c35120, 0x0000000002c35210]
Event: 1.847 Thread 0x0000000016c2e800  554 %     4       sun.security.provider.SHA::implCompress @ 12 (491 bytes)

GC Heap History (0 events):
No events

Deoptimization events (1 events):
Event: 1.714 Thread 0x0000000018dc2800 Uncommon trap: reason=unstable_if action=reinterpret pc=0x0000000002be01bc method=java.lang.String.indexOf([CII[CIII)I @ 3

Internal exceptions (10 events):
Event: 0.126 Thread 0x00000000029fe800 Exception <a 'java/lang/NoSuchMethodError': Method sun.misc.Unsafe.defineClass(Ljava/lang/String;[BII)Ljava/lang/Class; name or signature does not match> (0x00000000db007cc0) thrown at [C:\re\workspace\8-2-build-windows-amd64-cygwin\jdk8u91\7017\hotspot\srº†Òê¿?
Event: 0.126 Thread 0x00000000029fe800 Exception <a 'java/lang/NoSuchMethodError': Method sun.misc.Unsafe.prefetchRead(Ljava/lang/Object;J)V name or signature does not match> (0x00000000db007fa8) thrown at [C:\re\workspace\8-2-build-windows-amd64-cygwin\jdk8u91\7017\hotspot\src\share\vm\prims\j∫è"Ä[€?
Event: 0.427 Thread 0x00000000029fe800 Exception <a 'java/security/PrivilegedActionException'> (0x00000000db14c198) thrown at [C:\re\workspace\8-2-build-windows-amd64-cygwin\jdk8u91\7017\hotspot\src\share\vm\prims\jvm.cpp, line 1386]
Event: 0.428 Thread 0x00000000029fe800 Exception <a 'java/security/PrivilegedActionException'> (0x00000000db14c3a8) thrown at [C:\re\workspace\8-2-build-windows-amd64-cygwin\jdk8u91\7017\hotspot\src\share\vm\prims\jvm.cpp, line 1386]
Event: 0.431 Thread 0x00000000029fe800 Exception <a 'java/security/PrivilegedActionException'> (0x00000000db14ff50) thrown at [C:\re\workspace\8-2-build-windows-amd64-cygwin\jdk8u91\7017\hotspot\src\share\vm\prims\jvm.cpp, line 1386]
Event: 0.431 Thread 0x00000000029fe800 Exception <a 'java/security/PrivilegedActionException'> (0x00000000db150160) thrown at [C:\re\workspace\8-2-build-windows-amd64-cygwin\jdk8u91\7017\hotspot\src\share\vm\prims\jvm.cpp, line 1386]
Event: 0.490 Thread 0x00000000029fe800 Exception <a 'java/io/FileNotFoundException'> (0x00000000db190d98) thrown at [C:\re\workspace\8-2-build-windows-amd64-cygwin\jdk8u91\7017\hotspot\src\share\vm\prims\jni.cpp, line 709]
Event: 0.609 Thread 0x00000000029fe800 Exception <a 'java/lang/NoSuchFieldError': method resolution failed> (0x00000000db25ea78) thrown at [C:\re\workspace\8-2-build-windows-amd64-cygwin\jdk8u91\7017\hotspot\src\share\vm\prims\methodHandles.cpp, line 1146]
Event: 0.615 Thread 0x00000000029fe800 Exception <a 'java/lang/NoSuchFieldError': method resolution failed> (0x00000000db26be48) thrown at [C:\re\workspace\8-2-build-windows-amd64-cygwin\jdk8u91\7017\hotspot\src\share\vm\prims\methodHandles.cpp, line 1146]
Event: 0.851 Thread 0x0000000018dc2800 Exception <a 'java/io/FileNotFoundException'> (0x00000000db489c08) thrown at [C:\re\workspace\8-2-build-windows-amd64-cygwin\jdk8u91\7017\hotspot\src\share\vm\prims\jni.cpp, line 709]

Events (10 events):
Event: 1.842 loading class se/bitcraze/crazyflie/lib/crtp/CrtpPacket
Event: 1.842 loading class se/bitcraze/crazyflie/lib/crtp/CrtpPacket done
Event: 1.844 loading class se/bitcraze/crazyflie/lib/crtp/CommanderPacket
Event: 1.844 loading class se/bitcraze/crazyflie/lib/crtp/CommanderPacket done
Event: 1.845 loading class com/leapmotion/leap/LeapJNI
Event: 1.845 loading class com/leapmotion/leap/LeapJNI done
Event: 1.851 loading class java/lang/UnsatisfiedLinkError
Event: 1.851 loading class java/lang/UnsatisfiedLinkError done
Event: 1.853 loading class java/lang/ClassLoaderHelper
Event: 1.853 loading class java/lang/ClassLoaderHelper done


Dynamic libraries:
0x00007ff6b2850000 - 0x00007ff6b2887000 	C:\Program Files\Java\jre1.8.0_91\bin\javaw.exe
0x00007ffdce630000 - 0x00007ffdce7dd000 	C:\windows\SYSTEM32\ntdll.dll
0x00007ffdce4f0000 - 0x00007ffdce62e000 	C:\windows\system32\KERNEL32.DLL
0x00007ffdcb8d0000 - 0x00007ffdcb9e5000 	C:\windows\system32\KERNELBASE.dll
0x00007ffdca150000 - 0x00007ffdca1de000 	C:\windows\system32\apphelp.dll
0x00007ffdbe240000 - 0x00007ffdbe293000 	C:\windows\AppPatch\AppPatch64\AcGenral.DLL
0x00007ffdcd990000 - 0x00007ffdcda3a000 	C:\windows\system32\msvcrt.dll
0x00007ffdcbc80000 - 0x00007ffdcbcae000 	C:\windows\system32\SspiCli.dll
0x00007ffdce0a0000 - 0x00007ffdce0f4000 	C:\windows\system32\SHLWAPI.dll
0x00007ffdcdeb0000 - 0x00007ffdce027000 	C:\windows\system32\USER32.dll
0x00007ffdcbeb0000 - 0x00007ffdcc044000 	C:\windows\system32\ole32.dll
0x00007ffdcc270000 - 0x00007ffdcd798000 	C:\windows\system32\SHELL32.dll
0x00007ffdcad00000 - 0x00007ffdcad21000 	C:\windows\SYSTEM32\USERENV.dll
0x00007ffdcbcb0000 - 0x00007ffdcbd5a000 	C:\windows\system32\ADVAPI32.dll
0x00007ffdc0900000 - 0x00007ffdc091e000 	C:\windows\SYSTEM32\MPR.dll
0x00007ffdcdd70000 - 0x00007ffdcdeb0000 	C:\windows\system32\RPCRT4.dll
0x00007ffdce030000 - 0x00007ffdce089000 	C:\windows\SYSTEM32\sechost.dll
0x00007ffdce2c0000 - 0x00007ffdce4d1000 	C:\windows\SYSTEM32\combase.dll
0x00007ffdcbd60000 - 0x00007ffdcbeaf000 	C:\windows\system32\GDI32.dll
0x00007ffdcb750000 - 0x00007ffdcb765000 	C:\windows\SYSTEM32\profapi.dll
0x00007ffdc8b30000 - 0x00007ffdc8be2000 	C:\windows\SYSTEM32\SHCORE.dll
0x00007ffdcda70000 - 0x00007ffdcdaa6000 	C:\windows\system32\IMM32.DLL
0x00007ffdcc110000 - 0x00007ffdcc262000 	C:\windows\system32\MSCTF.dll
0x00007ffdc86e0000 - 0x00007ffdc895a000 	C:\windows\WinSxS\amd64_microsoft.windows.common-controls_6595b64144ccf1df_6.0.9600.17810_none_6240b9c7ecbd0bda\COMCTL32.dll
0x000000006bda0000 - 0x000000006be72000 	C:\Program Files\Java\jre1.8.0_91\bin\msvcr100.dll
0x000000006bf50000 - 0x000000006c7e3000 	C:\Program Files\Java\jre1.8.0_91\bin\server\jvm.dll
0x00007ffdb8790000 - 0x00007ffdb8799000 	C:\windows\SYSTEM32\WSOCK32.dll
0x00007ffdc6270000 - 0x00007ffdc6292000 	C:\windows\SYSTEM32\WINMM.dll
0x00007ffdca370000 - 0x00007ffdca37a000 	C:\windows\SYSTEM32\VERSION.dll
0x00007ffdce4e0000 - 0x00007ffdce4e7000 	C:\windows\system32\PSAPI.DLL
0x00007ffdcdbf0000 - 0x00007ffdcdc4a000 	C:\windows\system32\WS2_32.dll
0x00007ffdc61e0000 - 0x00007ffdc620a000 	C:\windows\SYSTEM32\WINMMBASE.dll
0x00007ffdcd7a0000 - 0x00007ffdcd7a9000 	C:\windows\system32\NSI.dll
0x00007ffdcb9f0000 - 0x00007ffdcba3f000 	C:\windows\SYSTEM32\cfgmgr32.dll
0x00007ffdca590000 - 0x00007ffdca5b8000 	C:\windows\SYSTEM32\DEVOBJ.dll
0x000000006bf40000 - 0x000000006bf4f000 	C:\Program Files\Java\jre1.8.0_91\bin\verify.dll
0x000000006bf10000 - 0x000000006bf39000 	C:\Program Files\Java\jre1.8.0_91\bin\java.dll
0x000000006bef0000 - 0x000000006bf06000 	C:\Program Files\Java\jre1.8.0_91\bin\zip.dll
0x000000006bc00000 - 0x000000006bd98000 	C:\Program Files\Java\jre1.8.0_91\bin\awt.dll
0x00007ffdcdb20000 - 0x00007ffdcdbe6000 	C:\windows\system32\OLEAUT32.dll
0x00007ffdca3f0000 - 0x00007ffdca519000 	C:\windows\system32\uxtheme.dll
0x00007ffdc95d0000 - 0x00007ffdc95f1000 	C:\windows\system32\dwmapi.dll
0x00007ffdca3a0000 - 0x00007ffdca3ab000 	C:\windows\SYSTEM32\kernel.appcore.dll
0x00007ffdcb620000 - 0x00007ffdcb62b000 	C:\windows\SYSTEM32\CRYPTBASE.dll
0x00007ffdcb5b0000 - 0x00007ffdcb613000 	C:\windows\SYSTEM32\bcryptPrimitives.dll
0x00007ffdbf110000 - 0x00007ffdbf331000 	C:\windows\system32\d3d9.dll
0x00007ffdc9600000 - 0x00007ffdc9748000 	C:\windows\SYSTEM32\aticfx64.dll
0x00007ffdc0810000 - 0x00007ffdc0831000 	C:\windows\SYSTEM32\atiu9p64.dll
0x00007ffdae1c0000 - 0x00007ffdae977000 	C:\windows\SYSTEM32\atiumd64.dll
0x000000006d160000 - 0x000000006d8f1000 	C:\windows\SYSTEM32\atiumd6a.dll
0x000000006bbb0000 - 0x000000006bbf7000 	C:\Program Files\Java\jre1.8.0_91\bin\fontmanager.dll
0x000000006bed0000 - 0x000000006beea000 	C:\Program Files\Java\jre1.8.0_91\bin\net.dll
0x00007ffdcaf80000 - 0x00007ffdcafd9000 	C:\windows\system32\mswsock.dll
0x000000006beb0000 - 0x000000006bec1000 	C:\Program Files\Java\jre1.8.0_91\bin\nio.dll
0x000000006bb60000 - 0x000000006bba2000 	C:\Program Files\Java\jre1.8.0_91\bin\t2k.dll
0x00007ffdbcb90000 - 0x00007ffdbcbce000 	C:\Users\Achilleas\workspace\LeapFlie2\LeapJava.dll
0x00007ffdb87c0000 - 0x00007ffdb8866000 	C:\Program Files\Java\jre1.8.0_91\bin\MSVCP120.dll
0x00007ffdb71f0000 - 0x00007ffdb72df000 	C:\Program Files\Java\jre1.8.0_91\bin\MSVCR120.dll
0x00007ffdca1e0000 - 0x00007ffdca36a000 	C:\windows\SYSTEM32\dbghelp.dll

VM Arguments:
jvm_args: -Djava.library.path=C:\Users\Achilleas\workspace\LeapFlie2;C:\Users\Achilleas\workspace\se.bitcraze.crazyflie.lib -Dfile.encoding=Cp1252 
java_command: LeapFlieUI
java_class_path (initial): C:\Users\Achilleas\workspace\LeapFlie2\target\classes;C:\Users\Achilleas\workspace\LeapFlie2\jgoodies-common-1.1.1.jar;C:\Users\Achilleas\workspace\LeapFlie2\jgoodies-common-1.7.0.jar;C:\Users\Achilleas\workspace\LeapFlie2\jgoodies-forms-1.8.0.jar;C:\Users\Achilleas\workspace\LeapFlie2\jgoodies-forms-1.8.0-sources.jar;C:\Users\Achilleas\workspace\LeapFlie2\jinput-2.0.5.jar;C:\Users\Achilleas\workspace\LeapFlie2\jinput-2.0.5-sources.jar;C:\Users\Achilleas\workspace\LeapFlie2\jinput-platform-2.0.5-natives-windows.jar;C:\Users\Achilleas\workspace\LeapFlie2\jutils-1.0.0.jar;C:\Users\Achilleas\workspace\LeapFlie2\LeapJava.jar;C:\Users\Achilleas\workspace\se.bitcraze.crazyflie.lib\target\classes;C:\Users\Achilleas\workspace\se.bitcraze.crazyflie.lib\target\test-classes;C:\Users\Achilleas\.m2\repository\junit\junit\4.12\junit-4.12.jar;C:\Users\Achilleas\.m2\repository\org\hamcrest\hamcrest-core\1.3\hamcrest-core-1.3.jar;C:\Users\Achilleas\.m2\repository\org\slf4j\slf4j-api\1.7.10\slf4j-api-1.7.10.jar;C:\Users\Achilleas\.m2\repository\org\slf4j\slf4j-simple\1.7.10\slf4j-simple-1.7.10.jar;C:\Users\Achilleas\.m2\repository\javax\usb\usb-api\1.0.2\usb-api-1.0.2.jar;C:\Users\Achilleas\.m2\repository\org\usb4java\usb4java\1.2.0\usb4java-1.2.0.jar;C:\Users\Achilleas\.m2\repository\org\usb4java\libusb4java\1.2.0\libusb4java-1.2.0-linux-x86.jar;C:\Users\Achilleas\.m2\repository\org\usb4java\libusb4java\1.2.0\libusb4java-1.2.0-linux-x86_64.jar;C:\Users\Achilleas\.m2\repository\org\usb4java\libusb4java\1.2.0\libusb4java-1.2.0-linux-arm.jar;C:\Users\Achilleas\.m2\repository\org\usb4java\libusb4java\1.2.0\libusb4java-1.2.0-windows-x86.jar;C:\Users\Achilleas\.m2\repository\org\usb4java\libusb4java\1.2.0\libusb4java-1.2.0-windows-x86_64.jar;C:\Users\Achilleas\.m2\repository\org\usb4java\libusb4java\1.2.0\libusb4java-1.2.0-osx-x86.jar;C:\Users\Achilleas\.m2\repository\org\usb4java\libusb4java\1.2.0\libusb4java-1.2.0-osx-x86_64.jar;C:\Users\Achilleas\.m2\reposi
Launcher Type: SUN_STANDARD

Environment Variables:
USERNAME=Achilleas
OS=Windows_NT
PROCESSOR_IDENTIFIER=AMD64 Family 21 Model 48 Stepping 1, AuthenticAMD



---------------  S Y S T E M  ---------------

OS: Windows 8.1 , 64 bit Build 9600 (6.3.9600.17415)

CPU:total 4 (4 cores per cpu, 1 threads per core) family 21 model 48 stepping 1, cmov, cx8, fxsr, mmx, sse, sse2, sse3, ssse3, sse4.1, sse4.2, popcnt, avx, aes, clmul, mmxext, 3dnowpref, lzcnt, sse4a, tsc, tscinvbit, tscinv, bmi1

Memory: 4k page, physical 7268980k(1871440k free), swap 11680260k(3159164k free)

vm_info: Java HotSpot(TM) 64-Bit Server VM (25.91-b15) for windows-amd64 JRE (1.8.0_91-b15), built on May 20 2016 17:43:15 by "java_re" with MS VC++ 10.0 (VS2010)

time: Sun May 07 12:33:00 2017
elapsed time: 1 seconds (0d 0h 0m 1s)

